<?xml version="1.0" encoding="UTF-8"?>
<Site BuildName="(empty)"
	BuildStamp="20251001-1813-Experimental"
	Name="(empty)"
	Generator="ctest-3.28.3"
	CompilerName=""
	CompilerVersion=""
	OSName="Linux"
	Hostname="kiloik"
	OSRelease="6.6.87.2-microsoft-standard-WSL2"
	OSVersion="#1 SMP PREEMPT_DYNAMIC Thu Jun  5 18:30:46 UTC 2025"
	OSPlatform="x86_64"
	Is64Bits="1"
	VendorString="GenuineIntel"
	VendorID="Intel Corporation"
	FamilyID="6"
	ModelID="151"
	ProcessorCacheSize="12288"
	NumberOfLogicalCPU="8"
	NumberOfPhysicalCPU="4"
	TotalVirtualMemory="2048"
	TotalPhysicalMemory="7848"
	LogicalProcessorsPerPhysical="2"
	ProcessorClockFrequency="3302.4"
	>
	<Testing>
		<StartDateTime>Oct 02 03:13 KST</StartDateTime>
		<StartTestTime>1759342407</StartTestTime>
		<TestList/>
		<EndDateTime>Oct 02 03:13 KST</EndDateTime>
		<EndTestTime>1759342407</EndTestTime>
		<ElapsedMinutes>0</ElapsedMinutes>
	</Testing>
</Site>
